<?xml version="1.0" encoding="UTF-8"?>
<!-- Generated by org.testng.reporters.JUnitXMLReporter -->
<testsuite ignored="0" hostname="LAPTOP-O8200AJ0" failures="2" tests="6" name="Command line test" time="11.458" errors="0" timestamp="2022-06-18T11:23:15 ICT">
  <testcase classname="tests.LoginTest" name="Test01" time="4.368">
    <failure type="java.lang.NullPointerException" message="Cannot invoke &amp;quot;java.util.LinkedHashMap.get(Object)&amp;quot; because &amp;quot;data&amp;quot; is null">
      <![CDATA[java.lang.NullPointerException: Cannot invoke "java.util.LinkedHashMap.get(Object)" because "data" is null
at tests.LoginTest.Test01(LoginTest.java:60)
at java.base/java.util.ArrayList.forEach(ArrayList.java:1511)
at demo.Main.main(Main.java:19)
... Removed 24 stack frames]]>
    </failure>
  </testcase> <!-- Test01 -->
  <testcase classname="tests.LoginTest" name="Test02" time="1.424"/>
  <testcase classname="tests.LoginTest" name="Test03" time="1.445"/>
  <testcase classname="tests.LoginTest" name="Test04" time="1.41">
    <failure type="org.opentest4j.AssertionFailedError" message="expected: &amp;lt;1001&amp;gt; but was: &amp;lt;1002&amp;gt;">
      <![CDATA[org.opentest4j.AssertionFailedError: expected: <1001> but was: <1002>
at org.junit.jupiter.api.AssertionUtils.fail(AssertionUtils.java:55)
at org.junit.jupiter.api.AssertionUtils.failNotEqual(AssertionUtils.java:62)
at org.junit.jupiter.api.AssertEquals.assertEquals(AssertEquals.java:150)
at org.junit.jupiter.api.AssertEquals.assertEquals(AssertEquals.java:145)
at org.junit.jupiter.api.Assertions.assertEquals(Assertions.java:527)
at tests.LoginTest.Test04(LoginTest.java:133)
at java.base/java.util.ArrayList.forEach(ArrayList.java:1511)
at demo.Main.main(Main.java:19)
... Removed 24 stack frames]]>
    </failure>
  </testcase> <!-- Test04 -->
  <testcase classname="tests.LoginTest" name="Test05" time="1.364"/>
  <testcase classname="tests.LoginTest" name="Test06" time="1.38"/>
</testsuite> <!-- Command line test -->
